Added Net: Name=+3V3
Added Net: Name=/CHRG
Added Net: Name=/STDBY
Added Net: Name=BAT+
Added Net: Name=BAT-MEAS
Added Net: Name=BUZZ
Added Net: Name=EN
Added Net: Name=GND
Added Net: Name=IN+
Added Net: Name=IO0
Added Net: Name=KS01
Added Net: Name=M_DRV
Added Net: Name=NetBZ1_2
Added Net: Name=NetC9_1
Added Net: Name=NetLD1_2
Added Net: Name=NetLD4_2
Added Net: Name=NetQ1_1
Added Net: Name=NetQ2_1
Added Net: Name=NetQ2_3
Added Net: Name=NetQ3_1
Added Net: Name=NetQ3_3
Added Net: Name=NetQ5_1
Added Net: Name=NetR3_1
Added Net: Name=NetR16_1
Added Net: Name=NetR17_1
Added Net: Name=RX
Added Net: Name=TX
Added Net: Name=USB-MEAS
Added Net: Name=VCC
Added Class: Name=HPDv2
Added Room: Name=HPDv2
